<?xml version="1.0" encoding="UTF-8"?>
<beans xmlns="http://www.springframework.org/schema/beans"
 xmlns:xsi="http://www.w3.org/2001/XMLSchema-instance"
 xmlns:context="http://www.springframework.org/schema/context"
 xsi:schemaLocation="
http://www.springframework.org/schema/beans
http://www.springframework.org/schema/beans/spring-beans.xsd
http://www.springframework.org/schema/context
http://www.springframework.org/schema/context/spring-context.xsd
http://cxf.apache.org/core
http://cxf.apache.org/schemas/core.xsd">
    
    <bean id="cassandraReadingsManager" class="com.and.wellnessconnected.cassandra.ReadingsDatabaseInitializer">
        <constructor-arg type="java.lang.String"><value>cqltestspace</value></constructor-arg>
        <constructor-arg type="java.lang.String"><value>READING</value></constructor-arg>

		  <!-- 
		  <property name="keyspaceName" value="testkeyspace" />
		  <property name="ipAddress" value="127.0.0.1" />
		  <property name="port" value="9170" /> --> <!-- this matches up with test/resources/cassandra.yaml -->
		  
	</bean>
	
</beans>